<?xml version="1.0" encoding="UTF-8"?>
<testsuite name="com.example.lab3_sspr.JUnitControllerTest" tests="3" skipped="0" failures="0" errors="0" timestamp="2022-10-23T15:43:26" hostname="DESKTOP-KQUKVNK" time="0.015">
  <properties/>
  <testcase name="testHomeController()" classname="com.example.lab3_sspr.JUnitControllerTest" time="0.012"/>
  <testcase name="testHomeController2()" classname="com.example.lab3_sspr.JUnitControllerTest" time="0.001"/>
  <testcase name="testHomeController3()" classname="com.example.lab3_sspr.JUnitControllerTest" time="0.001"/>
  <system-out><![CDATA[]]></system-out>
  <system-err><![CDATA[]]></system-err>
</testsuite>
